<?xml version="1.0" encoding="UTF-8"?>
<testsuite name="org.opentcs.kernel.StandardKernelTest" tests="2" skipped="0" failures="0" errors="0" timestamp="2020-06-22T05:25:33" hostname="eternal-HP-Laptop-15q-bu1xx" time="0.181">
  <properties/>
  <testcase name="testStateSwitchToOperating" classname="org.opentcs.kernel.StandardKernelTest" time="0.179"/>
  <testcase name="testStateSwitchToModelling" classname="org.opentcs.kernel.StandardKernelTest" time="0.002"/>
  <system-out><![CDATA[]]></system-out>
  <system-err><![CDATA[六月 22, 2020 1:25:33 下午 org.opentcs.kernel.StandardKernel setState
信息: Switching kernel to state 'OPERATING'
六月 22, 2020 1:25:33 下午 org.opentcs.kernel.StandardKernel setState
信息: Switching kernel to state 'MODELLING'
]]></system-err>
</testsuite>
