<?xml version="1.0" encoding="UTF-8"?>
<testsuite name="org.opentcs.kernel.extensions.controlcenter.vehicles.AttachmentManagerTest" tests="5" skipped="0" failures="0" errors="0" timestamp="2020-06-22T05:25:33" hostname="eternal-HP-Laptop-15q-bu1xx" time="0.032">
  <properties/>
  <testcase name="shouldAoutoAttachToFirstAvailableAdapter" classname="org.opentcs.kernel.extensions.controlcenter.vehicles.AttachmentManagerTest" time="0.013"/>
  <testcase name="shouldDetachAdapterFromVehicle" classname="org.opentcs.kernel.extensions.controlcenter.vehicles.AttachmentManagerTest" time="0.004"/>
  <testcase name="shouldNotAttachUnknownVehicle" classname="org.opentcs.kernel.extensions.controlcenter.vehicles.AttachmentManagerTest" time="0.003"/>
  <testcase name="shouldAttachAdapterToVehicle" classname="org.opentcs.kernel.extensions.controlcenter.vehicles.AttachmentManagerTest" time="0.004"/>
  <testcase name="shoudAutoAttachAdapterToVehicle" classname="org.opentcs.kernel.extensions.controlcenter.vehicles.AttachmentManagerTest" time="0.004"/>
  <system-out><![CDATA[]]></system-out>
  <system-err><![CDATA[六月 22, 2020 1:25:33 下午 org.opentcs.kernel.extensions.controlcenter.vehicles.AttachmentManager autoAttachAdapterToVehicle
警告: Couldn't attach preferred adapter org.opentcs.kernel.extensions.controlcenter.vehicles.AttachmentManagerTest$SimpleCommAdapterFactory to Vehicle2.  Attaching first available adapter.
六月 22, 2020 1:25:33 下午 org.opentcs.kernel.extensions.controlcenter.vehicles.AttachmentManagerTest setUp
信息: Vehicle{name=Vehicle1, procState=UNAVAILABLE, integrationLevel=TO_BE_RESPECTED, state=UNKNOWN, energyLevel=100, currentPosition=null, precisePosition=null, orientationAngle=NaN, nextPosition=null, loadHandlingDevices=[], length=1000, adapterState=UNKNOWN, transportOrder=null, routeProgressIndex=-1, orderSequence=null, energyLevelGood=90, energyLevelCritical=30, energyLevelFullyRecharged=90, energyLevelSufficientlyRecharged=30, maxVelocity=1000, maxReverseVelocity=1000, rechargeOperation=CHARGE, processableCategories=[*]}
六月 22, 2020 1:25:33 下午 org.opentcs.kernel.extensions.controlcenter.vehicles.AttachmentManagerTest setUp
信息: Vehicle{name=Vehicle2, procState=UNAVAILABLE, integrationLevel=TO_BE_RESPECTED, state=UNKNOWN, energyLevel=100, currentPosition=null, precisePosition=null, orientationAngle=NaN, nextPosition=null, loadHandlingDevices=[], length=1000, adapterState=UNKNOWN, transportOrder=null, routeProgressIndex=-1, orderSequence=null, energyLevelGood=90, energyLevelCritical=30, energyLevelFullyRecharged=90, energyLevelSufficientlyRecharged=30, maxVelocity=1000, maxReverseVelocity=1000, rechargeOperation=CHARGE, processableCategories=[*]}
六月 22, 2020 1:25:33 下午 org.opentcs.kernel.extensions.controlcenter.vehicles.AttachmentManager autoAttachAdapterToVehicle
警告: Couldn't attach preferred adapter org.opentcs.kernel.extensions.controlcenter.vehicles.AttachmentManagerTest$SimpleCommAdapterFactory to Vehicle2.  Attaching first available adapter.
六月 22, 2020 1:25:33 下午 org.opentcs.kernel.extensions.controlcenter.vehicles.AttachmentManagerTest setUp
信息: Vehicle{name=Vehicle1, procState=UNAVAILABLE, integrationLevel=TO_BE_RESPECTED, state=UNKNOWN, energyLevel=100, currentPosition=null, precisePosition=null, orientationAngle=NaN, nextPosition=null, loadHandlingDevices=[], length=1000, adapterState=UNKNOWN, transportOrder=null, routeProgressIndex=-1, orderSequence=null, energyLevelGood=90, energyLevelCritical=30, energyLevelFullyRecharged=90, energyLevelSufficientlyRecharged=30, maxVelocity=1000, maxReverseVelocity=1000, rechargeOperation=CHARGE, processableCategories=[*]}
六月 22, 2020 1:25:33 下午 org.opentcs.kernel.extensions.controlcenter.vehicles.AttachmentManagerTest setUp
信息: Vehicle{name=Vehicle2, procState=UNAVAILABLE, integrationLevel=TO_BE_RESPECTED, state=UNKNOWN, energyLevel=100, currentPosition=null, precisePosition=null, orientationAngle=NaN, nextPosition=null, loadHandlingDevices=[], length=1000, adapterState=UNKNOWN, transportOrder=null, routeProgressIndex=-1, orderSequence=null, energyLevelGood=90, energyLevelCritical=30, energyLevelFullyRecharged=90, energyLevelSufficientlyRecharged=30, maxVelocity=1000, maxReverseVelocity=1000, rechargeOperation=CHARGE, processableCategories=[*]}
六月 22, 2020 1:25:33 下午 org.opentcs.kernel.extensions.controlcenter.vehicles.AttachmentManager autoAttachAdapterToVehicle
警告: Couldn't attach preferred adapter org.opentcs.kernel.extensions.controlcenter.vehicles.AttachmentManagerTest$SimpleCommAdapterFactory to Vehicle2.  Attaching first available adapter.
六月 22, 2020 1:25:33 下午 org.opentcs.kernel.extensions.controlcenter.vehicles.AttachmentManagerTest setUp
信息: Vehicle{name=Vehicle1, procState=UNAVAILABLE, integrationLevel=TO_BE_RESPECTED, state=UNKNOWN, energyLevel=100, currentPosition=null, precisePosition=null, orientationAngle=NaN, nextPosition=null, loadHandlingDevices=[], length=1000, adapterState=UNKNOWN, transportOrder=null, routeProgressIndex=-1, orderSequence=null, energyLevelGood=90, energyLevelCritical=30, energyLevelFullyRecharged=90, energyLevelSufficientlyRecharged=30, maxVelocity=1000, maxReverseVelocity=1000, rechargeOperation=CHARGE, processableCategories=[*]}
六月 22, 2020 1:25:33 下午 org.opentcs.kernel.extensions.controlcenter.vehicles.AttachmentManagerTest setUp
信息: Vehicle{name=Vehicle2, procState=UNAVAILABLE, integrationLevel=TO_BE_RESPECTED, state=UNKNOWN, energyLevel=100, currentPosition=null, precisePosition=null, orientationAngle=NaN, nextPosition=null, loadHandlingDevices=[], length=1000, adapterState=UNKNOWN, transportOrder=null, routeProgressIndex=-1, orderSequence=null, energyLevelGood=90, energyLevelCritical=30, energyLevelFullyRecharged=90, energyLevelSufficientlyRecharged=30, maxVelocity=1000, maxReverseVelocity=1000, rechargeOperation=CHARGE, processableCategories=[*]}
六月 22, 2020 1:25:33 下午 org.opentcs.kernel.extensions.controlcenter.vehicles.AttachmentManager attachAdapterToVehicle
警告: No vehicle entry found for 'UnknownVehicle'. Entries: org.opentcs.kernel.extensions.controlcenter.vehicles.VehicleEntryPool@37b0e227
六月 22, 2020 1:25:33 下午 org.opentcs.kernel.extensions.controlcenter.vehicles.AttachmentManager autoAttachAdapterToVehicle
警告: Couldn't attach preferred adapter org.opentcs.kernel.extensions.controlcenter.vehicles.AttachmentManagerTest$SimpleCommAdapterFactory to Vehicle2.  Attaching first available adapter.
六月 22, 2020 1:25:33 下午 org.opentcs.kernel.extensions.controlcenter.vehicles.AttachmentManagerTest setUp
信息: Vehicle{name=Vehicle1, procState=UNAVAILABLE, integrationLevel=TO_BE_RESPECTED, state=UNKNOWN, energyLevel=100, currentPosition=null, precisePosition=null, orientationAngle=NaN, nextPosition=null, loadHandlingDevices=[], length=1000, adapterState=UNKNOWN, transportOrder=null, routeProgressIndex=-1, orderSequence=null, energyLevelGood=90, energyLevelCritical=30, energyLevelFullyRecharged=90, energyLevelSufficientlyRecharged=30, maxVelocity=1000, maxReverseVelocity=1000, rechargeOperation=CHARGE, processableCategories=[*]}
六月 22, 2020 1:25:33 下午 org.opentcs.kernel.extensions.controlcenter.vehicles.AttachmentManagerTest setUp
信息: Vehicle{name=Vehicle2, procState=UNAVAILABLE, integrationLevel=TO_BE_RESPECTED, state=UNKNOWN, energyLevel=100, currentPosition=null, precisePosition=null, orientationAngle=NaN, nextPosition=null, loadHandlingDevices=[], length=1000, adapterState=UNKNOWN, transportOrder=null, routeProgressIndex=-1, orderSequence=null, energyLevelGood=90, energyLevelCritical=30, energyLevelFullyRecharged=90, energyLevelSufficientlyRecharged=30, maxVelocity=1000, maxReverseVelocity=1000, rechargeOperation=CHARGE, processableCategories=[*]}
六月 22, 2020 1:25:33 下午 org.opentcs.kernel.extensions.controlcenter.vehicles.AttachmentManager autoAttachAdapterToVehicle
警告: Couldn't attach preferred adapter org.opentcs.kernel.extensions.controlcenter.vehicles.AttachmentManagerTest$SimpleCommAdapterFactory to Vehicle2.  Attaching first available adapter.
六月 22, 2020 1:25:33 下午 org.opentcs.kernel.extensions.controlcenter.vehicles.AttachmentManagerTest setUp
信息: Vehicle{name=Vehicle1, procState=UNAVAILABLE, integrationLevel=TO_BE_RESPECTED, state=UNKNOWN, energyLevel=100, currentPosition=null, precisePosition=null, orientationAngle=NaN, nextPosition=null, loadHandlingDevices=[], length=1000, adapterState=UNKNOWN, transportOrder=null, routeProgressIndex=-1, orderSequence=null, energyLevelGood=90, energyLevelCritical=30, energyLevelFullyRecharged=90, energyLevelSufficientlyRecharged=30, maxVelocity=1000, maxReverseVelocity=1000, rechargeOperation=CHARGE, processableCategories=[*]}
六月 22, 2020 1:25:33 下午 org.opentcs.kernel.extensions.controlcenter.vehicles.AttachmentManagerTest setUp
信息: Vehicle{name=Vehicle2, procState=UNAVAILABLE, integrationLevel=TO_BE_RESPECTED, state=UNKNOWN, energyLevel=100, currentPosition=null, precisePosition=null, orientationAngle=NaN, nextPosition=null, loadHandlingDevices=[], length=1000, adapterState=UNKNOWN, transportOrder=null, routeProgressIndex=-1, orderSequence=null, energyLevelGood=90, energyLevelCritical=30, energyLevelFullyRecharged=90, energyLevelSufficientlyRecharged=30, maxVelocity=1000, maxReverseVelocity=1000, rechargeOperation=CHARGE, processableCategories=[*]}
]]></system-err>
</testsuite>
