<?xml version="1.0" encoding="UTF-8"?>
<testsuite name="org.opentcs.documentation.ReceiveCommAdapterMessageTest" tests="2" skipped="0" failures="0" errors="0" timestamp="2020-06-22T05:25:31" hostname="eternal-HP-Laptop-15q-bu1xx" time="0.002">
  <properties/>
  <testcase name="shouldReceiveMessageFromVehicle" classname="org.opentcs.documentation.ReceiveCommAdapterMessageTest" time="0.001"/>
  <testcase name="shouldReceiveMessageFromTransportOrder" classname="org.opentcs.documentation.ReceiveCommAdapterMessageTest" time="0.001"/>
  <system-out><![CDATA[]]></system-out>
  <system-err><![CDATA[]]></system-err>
</testsuite>
