<?xml version="1.0" encoding="UTF-8"?>
<testsuite name="org.opentcs.kernel.workingset.PrefixedUlidObjectNameProviderTest" tests="2" skipped="0" failures="0" errors="0" timestamp="2020-06-22T05:25:31" hostname="eternal-HP-Laptop-15q-bu1xx" time="0.011">
  <properties/>
  <testcase name="shouldAppendSuffix" classname="org.opentcs.kernel.workingset.PrefixedUlidObjectNameProviderTest" time="0.01"/>
  <testcase name="shouldUsePrefixFromCreationTO" classname="org.opentcs.kernel.workingset.PrefixedUlidObjectNameProviderTest" time="0.001"/>
  <system-out><![CDATA[]]></system-out>
  <system-err><![CDATA[]]></system-err>
</testsuite>
