<?xml version="1.0" encoding="UTF-8"?>
<testsuite name="org.opentcs.documentation.CreateTransportOrderSequenceTest" tests="1" skipped="0" failures="0" errors="0" timestamp="2020-06-22T05:25:31" hostname="eternal-HP-Laptop-15q-bu1xx" time="0.054">
  <properties/>
  <testcase name="shouldCreateTransportOrderSequence" classname="org.opentcs.documentation.CreateTransportOrderSequenceTest" time="0.054"/>
  <system-out><![CDATA[]]></system-out>
  <system-err><![CDATA[]]></system-err>
</testsuite>
